nohup: 입력 무시
[2024-10-20 21:43:35,974] INFO - <BrokerConnection node_id=bootstrap-0 host=localhost:9092 <connecting> [IPv4 ('127.0.0.1', 9092)]>: connecting to localhost:9092 [('127.0.0.1', 9092) IPv4]
[2024-10-20 21:43:35,974] INFO - Probing node bootstrap-0 broker version
[2024-10-20 21:43:35,974] INFO - <BrokerConnection node_id=bootstrap-0 host=localhost:9092 <connecting> [IPv4 ('127.0.0.1', 9092)]>: Connection complete.
[2024-10-20 21:43:36,079] INFO - Broker version identified as 2.5.0
[2024-10-20 21:43:36,079] INFO - Set configuration api_version=(2, 5, 0) to skip auto check_version requests on startup
[2024-10-20 21:43:36,083] INFO - Kafka broker 연결 성공
[2024-10-20 21:43:36,093] INFO - Start crawling 15th/99 url: https://www.oliveyoung.co.kr/store/goods/getGoodsDetail.do?goodsNo=A000000199405&dispCatNo=100000100010013&trackingCd=Cat100000100010013_MID&t_page=%EC%B9%B4%ED%85%8C%EA%B3%A0%EB%A6%AC%EA%B4%80&t_click=%EC%8A%A4%ED%82%A8/%ED%86%A0%EB%84%88_%EC%A0%84%EC%B2%B4__%EC%83%81%ED%92%88%EC%83%81%EC%84%B8&t_number=16
[2024-10-20 21:43:36,093] INFO - ====== WebDriver manager ======
[2024-10-20 21:43:36,129] INFO - Get LATEST chromedriver version for google-chrome
[2024-10-20 21:43:36,515] INFO - Get LATEST chromedriver version for google-chrome
[2024-10-20 21:43:36,902] INFO - Driver [/home/smoosly/.wdm/drivers/chromedriver/linux64/128.0.6613.137/chromedriver-linux64/chromedriver] found in cache
[2024-10-20 21:44:00,095] INFO - 리뷰페이지 1 크롤링 중
[2024-10-20 21:44:00,145] INFO - 5점만점에 5점, 2024.09.26, 마녀공장 
[2024-10-20 21:44:00,195] INFO - <BrokerConnection node_id=1 host=localhost:9092 <connecting> [IPv4 ('127.0.0.1', 9092)]>: connecting to localhost:9092 [('127.0.0.1', 9092) IPv4]
[2024-10-20 21:44:00,195] INFO - <BrokerConnection node_id=1 host=localhost:9092 <connecting> [IPv4 ('127.0.0.1', 9092)]>: Connection complete.
[2024-10-20 21:44:00,195] INFO - <BrokerConnection node_id=bootstrap-0 host=localhost:9092 <connected> [IPv4 ('127.0.0.1', 9092)]>: Closing connection. 
[2024-10-20 21:44:00,481] INFO - 5점만점에 5점, 2024.10.17, 제형이 완
[2024-10-20 21:44:00,534] INFO - 5점만점에 5점, 2024.10.04, 에센스타입
[2024-10-20 21:44:00,577] INFO - 5점만점에 5점, 2024.09.28, 텍스처도 
[2024-10-20 21:44:00,632] INFO - 5점만점에 5점, 2024.09.26, 잘쓰고있어
[2024-10-20 21:44:00,680] INFO - 5점만점에 5점, 2024.09.23, 에센스 토
[2024-10-20 21:44:00,747] INFO - 5점만점에 5점, 2024.09.20, 가을철 보
[2024-10-20 21:44:00,799] INFO - 5점만점에 5점, 2024.09.22, 마녀공장 
[2024-10-20 21:44:00,854] INFO - 5점만점에 5점, 2024.10.09, Mình 
[2024-10-20 21:44:00,900] INFO - 5점만점에 5점, 2024.09.22, 수분 가득
[2024-10-20 21:44:06,217] INFO - 리뷰페이지 2 크롤링 중
[2024-10-20 21:44:06,270] INFO - 5점만점에 5점, 2024.09.22, 수분충전에
[2024-10-20 21:44:06,325] INFO - 5점만점에 5점, 2024.09.14, 피부가 많
[2024-10-20 21:44:06,379] INFO - 5점만점에 5점, 2024.09.13, 보습감이 
[2024-10-20 21:44:06,435] INFO - 5점만점에 5점, 2024.09.08, 에센스와 
[2024-10-20 21:44:06,488] INFO - 5점만점에 5점, 2024.09.07, 에센스 토
[2024-10-20 21:44:06,540] INFO - 5점만점에 5점, 2024.08.28, 아주 순해
[2024-10-20 21:44:06,593] INFO - 5점만점에 5점, 2024.08.28, 가을겨울에
[2024-10-20 21:44:06,647] INFO - 5점만점에 5점, 2024.08.28, 토너인데 
[2024-10-20 21:44:06,699] INFO - 5점만점에 5점, 2024.08.24, 수분이 듬
[2024-10-20 21:44:06,752] INFO - 5점만점에 5점, 2024.10.19, 진짜 너무
[2024-10-20 21:44:11,989] INFO - 리뷰페이지 3 크롤링 중
[2024-10-20 21:44:12,070] INFO - 5점만점에 5점, 2024.09.13, 에센스 토
[2024-10-20 21:44:12,095] INFO - 5점만점에 5점, 2024.09.08, 지금까지 
[2024-10-20 21:44:12,120] INFO - 5점만점에 4점, 2024.09.01, 여름이라 
[2024-10-20 21:44:12,145] INFO - 5점만점에 5점, 2024.08.29, 마녀공장 
[2024-10-20 21:44:12,170] INFO - 5점만점에 5점, 2024.09.17, 디렉터파이
[2024-10-20 21:44:12,195] INFO - 5점만점에 5점, 2024.09.07, 제가 써보
[2024-10-20 21:44:12,220] INFO - 5점만점에 5점, 2024.09.06, 날이 쌀쌀
[2024-10-20 21:44:12,246] INFO - 5점만점에 5점, 2024.08.28, 세수 후 
[2024-10-20 21:44:12,271] INFO - 5점만점에 5점, 2024.09.26, 와 제 인
[2024-10-20 21:44:12,295] INFO - 5점만점에 5점, 2024.09.17, 보습 잘 
[2024-10-20 21:44:17,458] INFO - 리뷰페이지 4 크롤링 중
[2024-10-20 21:44:17,576] INFO - 5점만점에 5점, 2024.09.16, 에센스 토
[2024-10-20 21:44:17,603] INFO - 5점만점에 5점, 2024.10.18, 샘플 이용
[2024-10-20 21:44:17,637] INFO - 5점만점에 5점, 2024.10.17, 촉촉해서 
[2024-10-20 21:44:17,663] INFO - 5점만점에 5점, 2024.10.14, 촉촉하니 
[2024-10-20 21:44:17,688] INFO - 5점만점에 5점, 2024.10.12, 티존 제외
[2024-10-20 21:44:17,713] INFO - 5점만점에 5점, 2024.10.11, 자극없고 
[2024-10-20 21:44:17,738] INFO - 5점만점에 5점, 2024.10.11, 점성있는 
[2024-10-20 21:44:17,762] INFO - 5점만점에 5점, 2024.10.09, 토너와 에
[2024-10-20 21:44:17,787] INFO - 5점만점에 5점, 2024.10.05, 사실 아직
[2024-10-20 21:44:17,812] INFO - 5점만점에 5점, 2024.10.02, 진정 보습
[2024-10-20 21:44:22,959] INFO - 리뷰페이지 5 크롤링 중
[2024-10-20 21:44:22,985] INFO - 5점만점에 5점, 2024.09.12, 촉촉하고 
[2024-10-20 21:44:23,010] INFO - 5점만점에 5점, 2024.10.20, 간절기라 
[2024-10-20 21:44:23,036] INFO - 5점만점에 5점, 2024.10.15, 토너만 발
[2024-10-20 21:44:23,061] INFO - 5점만점에 3점, 2024.10.13, 생각보다 
[2024-10-20 21:44:23,088] INFO - 5점만점에 5점, 2024.09.18, 이건 건성
[2024-10-20 21:44:23,113] INFO - 5점만점에 5점, 2024.09.05, 레티놀이나
[2024-10-20 21:44:23,141] INFO - 5점만점에 5점, 2024.09.16, 그냥 무난
[2024-10-20 21:44:23,169] INFO - 5점만점에 5점, 2024.09.07, 가을 겨울
[2024-10-20 21:44:23,194] INFO - 5점만점에 5점, 2024.10.09, 요즘 건조
[2024-10-20 21:44:23,220] INFO - 5점만점에 5점, 2024.10.08, 순하고 촉
[2024-10-20 21:44:28,347] INFO - 리뷰페이지 6 크롤링 중
[2024-10-20 21:44:28,374] INFO - 5점만점에 5점, 2024.10.05, 촉촉하게 
[2024-10-20 21:44:28,398] INFO - 5점만점에 5점, 2024.10.05, 아침에 세
[2024-10-20 21:44:28,423] INFO - 5점만점에 5점, 2024.10.13, 자극 없이
[2024-10-20 21:44:28,448] INFO - 5점만점에 5점, 2024.10.12, 촉촉하고 
[2024-10-20 21:44:28,474] INFO - 5점만점에 5점, 2024.10.04, 에센스토너
[2024-10-20 21:44:28,498] INFO - 5점만점에 5점, 2024.10.04, 악건성,건
[2024-10-20 21:44:28,523] INFO - 5점만점에 5점, 2024.10.04, 가을겨울엔
[2024-10-20 21:44:28,549] INFO - 5점만점에 5점, 2024.09.24, 토너라고 
[2024-10-20 21:44:28,573] INFO - 5점만점에 5점, 2024.09.24, 다른 토너
[2024-10-20 21:44:28,598] INFO - 5점만점에 5점, 2024.09.20, 재구매했습
[2024-10-20 21:44:33,730] INFO - 리뷰페이지 7 크롤링 중
[2024-10-20 21:44:33,756] INFO - 5점만점에 5점, 2024.10.06, 벌써 두번
[2024-10-20 21:44:33,780] INFO - 5점만점에 5점, 2024.09.29, 샘플 써보
[2024-10-20 21:44:33,805] INFO - 5점만점에 5점, 2024.09.23, 피부에 촉
[2024-10-20 21:44:33,830] INFO - 5점만점에 5점, 2024.09.22, 최에 에센
[2024-10-20 21:44:33,855] INFO - 5점만점에 5점, 2024.09.22, 마녀공장 
[2024-10-20 21:44:33,881] INFO - 5점만점에 5점, 2024.09.02, 그냥 바르
[2024-10-20 21:44:33,909] INFO - 5점만점에 5점, 2024.06.17, 엄청 순해
[2024-10-20 21:44:33,935] INFO - 5점만점에 5점, 2024.10.10, 작년 겨울
[2024-10-20 21:44:33,960] INFO - 5점만점에 3점, 2024.09.08, 최근에 피
[2024-10-20 21:44:33,985] INFO - 5점만점에 5점, 2024.09.01, 극건성입니
[2024-10-20 21:44:39,115] INFO - 리뷰페이지 8 크롤링 중
[2024-10-20 21:44:39,142] INFO - 5점만점에 5점, 2024.10.11, 가을겨울이
[2024-10-20 21:44:39,169] INFO - 5점만점에 5점, 2024.10.10, 향긋한 느
[2024-10-20 21:44:39,196] INFO - 5점만점에 4점, 2024.09.24, 할인안하면
[2024-10-20 21:44:39,221] INFO - 5점만점에 5점, 2024.09.23, 알로에젤만
[2024-10-20 21:44:39,247] INFO - 5점만점에 5점, 2024.09.23, 근무지에도
[2024-10-20 21:44:39,271] INFO - 5점만점에 5점, 2024.07.06, 같은 라인
[2024-10-20 21:44:39,297] INFO - 5점만점에 5점, 2024.06.24, 토너라기보
[2024-10-20 21:44:39,322] INFO - 5점만점에 4점, 2024.05.26, 촉촉하니 
[2024-10-20 21:44:39,347] INFO - 5점만점에 5점, 2024.05.26, 요새 날이
[2024-10-20 21:44:39,372] INFO - 5점만점에 5점, 2024.05.26, 진짜 촉촉
[2024-10-20 21:44:44,508] INFO - 리뷰페이지 9 크롤링 중
[2024-10-20 21:44:44,534] INFO - 5점만점에 5점, 2024.05.26, 더운 날씨
[2024-10-20 21:44:44,562] INFO - 5점만점에 5점, 2024.05.26, 원래도 판
[2024-10-20 21:44:44,589] INFO - 5점만점에 5점, 2024.05.26, 토너가 굉
[2024-10-20 21:44:44,617] INFO - 5점만점에 5점, 2024.05.26, 와 요거 
[2024-10-20 21:44:44,644] INFO - 5점만점에 5점, 2024.05.25, 에센스 토
[2024-10-20 21:44:44,670] INFO - 5점만점에 5점, 2024.05.25, 크게 기대
[2024-10-20 21:44:44,695] INFO - 5점만점에 5점, 2024.05.25, 원래도 속
[2024-10-20 21:44:44,721] INFO - 5점만점에 5점, 2024.05.25, 토너라기보
[2024-10-20 21:44:44,746] INFO - 5점만점에 5점, 2024.05.23, 토너라해서
[2024-10-20 21:44:44,771] INFO - 5점만점에 5점, 2024.05.20, 🤍마녀공장
[2024-10-20 21:44:49,919] INFO - 리뷰페이지 10 크롤링 중
[2024-10-20 21:44:49,944] INFO - 5점만점에 5점, 2024.05.19, 써보고 좋
[2024-10-20 21:44:49,969] INFO - 5점만점에 5점, 2024.05.19, 진짜 순하
[2024-10-20 21:44:49,995] INFO - 5점만점에 5점, 2024.05.19, 에센스 토
[2024-10-20 21:44:50,020] INFO - 5점만점에 5점, 2024.05.19, 이 제품은
[2024-10-20 21:44:50,046] INFO - 5점만점에 5점, 2024.05.19, 마녀공장 
[2024-10-20 21:44:50,070] INFO - 5점만점에 5점, 2024.05.19, 토너와 에
[2024-10-20 21:44:50,097] INFO - 5점만점에 5점, 2024.05.18, 마녀공장 
[2024-10-20 21:44:50,123] INFO - 5점만점에 5점, 2024.05.18, 토너라 쓰
[2024-10-20 21:44:50,154] INFO - 5점만점에 5점, 2024.05.17, 같은 라인
[2024-10-20 21:44:50,180] INFO - 5점만점에 5점, 2024.05.17, 마녀공장 
[2024-10-20 21:44:55,316] INFO - 리뷰페이지 11 크롤링 중
[2024-10-20 21:44:55,343] INFO - 5점만점에 5점, 2024.05.17, * 피부타
[2024-10-20 21:44:55,367] INFO - 5점만점에 5점, 2024.05.17, 완전 최고
[2024-10-20 21:44:55,393] INFO - 5점만점에 5점, 2024.05.17, 내가 마녀
[2024-10-20 21:44:55,426] INFO - 5점만점에 5점, 2024.05.17, 엄청 순해
[2024-10-20 21:44:55,452] INFO - 5점만점에 5점, 2024.05.15, 빵빵한 보
[2024-10-20 21:44:55,477] INFO - 5점만점에 5점, 2024.05.15, 판토테인 
[2024-10-20 21:44:55,508] INFO - 5점만점에 5점, 2024.05.14, 스킨케어 
[2024-10-20 21:44:55,534] INFO - 5점만점에 5점, 2024.05.14, 좀 되직한
[2024-10-20 21:44:55,559] INFO - 5점만점에 5점, 2024.05.13, 저번에 보
[2024-10-20 21:44:55,586] INFO - 5점만점에 5점, 2024.05.13, 마녀공장 
[2024-10-20 21:45:00,716] INFO - 리뷰페이지 12 크롤링 중
[2024-10-20 21:45:00,741] INFO - 5점만점에 5점, 2024.05.13, 마녀공장의
[2024-10-20 21:45:00,766] INFO - 5점만점에 5점, 2024.05.12, 🔆 무엇이
[2024-10-20 21:45:00,792] INFO - 5점만점에 5점, 2024.05.12, 마녀공장 
[2024-10-20 21:45:00,818] INFO - 5점만점에 5점, 2024.05.12, 수분을 채
[2024-10-20 21:45:00,843] INFO - 5점만점에 5점, 2024.05.12, 이젠 토너
[2024-10-20 21:45:00,868] INFO - 5점만점에 5점, 2024.05.12, 에센스겸 
[2024-10-20 21:45:00,896] INFO - 5점만점에 5점, 2024.05.11, 마녀공장은
[2024-10-20 21:45:00,923] INFO - 5점만점에 5점, 2024.05.11, 저는 건성
[2024-10-20 21:45:00,947] INFO - 5점만점에 5점, 2024.05.09, 판테토인 
[2024-10-20 21:45:00,974] INFO - 5점만점에 5점, 2024.05.09, 보습과 피
[2024-10-20 21:45:06,131] INFO - 리뷰페이지 13 크롤링 중
[2024-10-20 21:45:06,155] INFO - 5점만점에 5점, 2024.05.08, 콧물스킨느
[2024-10-20 21:45:06,182] INFO - 5점만점에 5점, 2024.04.21, 환절기라 
[2024-10-20 21:45:06,207] INFO - 5점만점에 5점, 2024.04.21, 살짝 점도
[2024-10-20 21:45:06,232] INFO - 5점만점에 5점, 2024.04.21, 🌱 내돈내
[2024-10-20 21:45:06,257] INFO - 5점만점에 5점, 2024.04.19, 저는 건성
[2024-10-20 21:45:06,283] INFO - 5점만점에 5점, 2024.04.18, 예민해진 
[2024-10-20 21:45:06,309] INFO - 5점만점에 5점, 2024.04.16, 판테토인 
[2024-10-20 21:45:06,335] INFO - 5점만점에 5점, 2024.04.13, 속부터 촉
[2024-10-20 21:45:06,360] INFO - 5점만점에 5점, 2024.04.12, 패키지는 
[2024-10-20 21:45:06,387] INFO - 5점만점에 5점, 2024.04.12, 에센스토너
[2024-10-20 21:45:11,553] INFO - 리뷰페이지 14 크롤링 중
[2024-10-20 21:45:11,611] INFO - 5점만점에 5점, 2024.04.10, 기초화장품
[2024-10-20 21:45:11,637] INFO - 5점만점에 5점, 2024.04.09, 보습감이 
[2024-10-20 21:45:11,664] INFO - 5점만점에 5점, 2024.04.08, 콧물스킨느
[2024-10-20 21:45:11,690] INFO - 5점만점에 5점, 2024.04.07, 에센스와 
[2024-10-20 21:45:11,716] INFO - 5점만점에 5점, 2024.04.07, 피부가 워
[2024-10-20 21:45:11,742] INFO - 5점만점에 5점, 2024.04.07, 우선 패키
[2024-10-20 21:45:11,767] INFO - 5점만점에 5점, 2024.09.15, 흡수가 빠
[2024-10-20 21:45:11,795] INFO - 5점만점에 4점, 2024.09.09, 건조한 피
[2024-10-20 21:45:11,820] INFO - 5점만점에 5점, 2024.09.05, 진짜 너무
[2024-10-20 21:45:11,844] INFO - 5점만점에 5점, 2024.09.01, 물같은 토
[2024-10-20 21:45:17,002] INFO - 리뷰페이지 15 크롤링 중
[2024-10-20 21:45:17,045] INFO - 5점만점에 3점, 2024.08.30, 마녀공장이
[2024-10-20 21:45:17,070] INFO - 5점만점에 5점, 2024.08.28, 정말 자극
[2024-10-20 21:45:17,095] INFO - 5점만점에 5점, 2024.08.26, 토너랑 에
[2024-10-20 21:45:17,120] INFO - 5점만점에 4점, 2024.10.13, 자극은 느
[2024-10-20 21:45:17,145] INFO - 5점만점에 5점, 2024.08.10, 엄청 순해
[2024-10-20 21:45:17,171] INFO - 5점만점에 5점, 2024.07.20, 순하고 촉
[2024-10-20 21:45:17,196] INFO - 5점만점에 5점, 2024.07.09, 마녀공장 
[2024-10-20 21:45:17,224] INFO - 5점만점에 5점, 2024.07.08, 콧물제형의
[2024-10-20 21:45:17,249] INFO - 5점만점에 5점, 2024.07.03, 🩵마녀공장
[2024-10-20 21:45:17,274] INFO - 5점만점에 5점, 2024.06.30, 자극적이지
[2024-10-20 21:45:22,437] INFO - 리뷰페이지 16 크롤링 중
[2024-10-20 21:45:22,560] INFO - 5점만점에 5점, 2024.06.12, 한달 후기
[2024-10-20 21:45:22,586] INFO - 5점만점에 5점, 2024.06.10, 판테놀 성
[2024-10-20 21:45:22,610] INFO - 5점만점에 5점, 2024.06.08, 속보습 꽉
[2024-10-20 21:45:22,635] INFO - 5점만점에 5점, 2024.06.08, 건성 피부
[2024-10-20 21:45:22,660] INFO - 5점만점에 5점, 2024.05.26, 물토너가 
[2024-10-20 21:45:22,687] INFO - 5점만점에 5점, 2024.05.26, 에센스토너
[2024-10-20 21:45:22,713] INFO - 5점만점에 5점, 2024.05.26, 마녀공장 
[2024-10-20 21:45:22,738] INFO - 5점만점에 5점, 2024.05.25, 예민해진 
[2024-10-20 21:45:22,763] INFO - 5점만점에 5점, 2024.05.24, 요새 에센
[2024-10-20 21:45:22,788] INFO - 5점만점에 5점, 2024.05.24, 속 보습을
[2024-10-20 21:45:27,945] INFO - 리뷰페이지 17 크롤링 중
[2024-10-20 21:45:28,004] INFO - 5점만점에 5점, 2024.05.19, 바르고나면
[2024-10-20 21:45:28,032] INFO - 5점만점에 5점, 2024.05.19, 묽은제형이
[2024-10-20 21:45:28,060] INFO - 5점만점에 5점, 2024.05.19, 요즘 선크
[2024-10-20 21:45:28,087] INFO - 5점만점에 5점, 2024.05.19, 촉촉하게 
[2024-10-20 21:45:28,116] INFO - 5점만점에 5점, 2024.05.19, 🩵마녀공장
[2024-10-20 21:45:28,144] INFO - 5점만점에 5점, 2024.05.16, 판테토인 
[2024-10-20 21:45:28,174] INFO - 5점만점에 5점, 2024.05.15, 마녀공장 
[2024-10-20 21:45:28,207] INFO - 5점만점에 5점, 2024.05.14, 일반 토너
[2024-10-20 21:45:28,242] INFO - 5점만점에 5점, 2024.05.14, 적당한 보
[2024-10-20 21:45:28,273] INFO - 5점만점에 5점, 2024.05.14, 손등에 덜
[2024-10-20 21:45:33,424] INFO - 리뷰페이지 18 크롤링 중
[2024-10-20 21:45:33,457] INFO - 5점만점에 5점, 2024.05.13, 제품도 좋
[2024-10-20 21:45:33,481] INFO - 5점만점에 5점, 2024.05.13, 이거 넘 
[2024-10-20 21:45:33,505] INFO - 5점만점에 5점, 2024.05.12, 요즘 날이
[2024-10-20 21:45:33,530] INFO - 5점만점에 5점, 2024.05.12, 약간의 점
[2024-10-20 21:45:33,555] INFO - 5점만점에 5점, 2024.05.11, 마녀공장 
[2024-10-20 21:45:33,580] INFO - 5점만점에 5점, 2024.05.11, 콧물체형 
[2024-10-20 21:45:33,604] INFO - 5점만점에 5점, 2024.05.10, 용기도 너
[2024-10-20 21:45:33,630] INFO - 5점만점에 5점, 2024.05.09, 마녀공장 
[2024-10-20 21:45:33,655] INFO - 5점만점에 5점, 2024.05.09, 순하긴한데
[2024-10-20 21:45:33,679] INFO - 5점만점에 5점, 2024.05.09, 건성 강추
[2024-10-20 21:45:38,817] INFO - 리뷰페이지 19 크롤링 중
[2024-10-20 21:45:38,847] INFO - 5점만점에 5점, 2024.05.09, 네*왕이후
[2024-10-20 21:45:38,874] INFO - 5점만점에 5점, 2024.05.08, 마녀겅장 
[2024-10-20 21:45:38,900] INFO - 5점만점에 5점, 2024.04.21, 환절기에 
[2024-10-20 21:45:38,926] INFO - 5점만점에 5점, 2024.04.21, 에센스가 
[2024-10-20 21:45:38,951] INFO - 5점만점에 5점, 2024.04.18, 에센스형태
[2024-10-20 21:45:38,975] INFO - 5점만점에 5점, 2024.04.15, 믿고쓰는 
[2024-10-20 21:45:39,000] INFO - 5점만점에 5점, 2024.04.13, 이거 진짜
[2024-10-20 21:45:39,026] INFO - 5점만점에 5점, 2024.04.10, 에센스가 
[2024-10-20 21:45:39,050] INFO - 5점만점에 5점, 2024.04.09, 판테토인 
[2024-10-20 21:45:39,075] INFO - 5점만점에 5점, 2024.04.08, 마녀공장은
[2024-10-20 21:45:44,244] INFO - 리뷰페이지 20 크롤링 중
[2024-10-20 21:45:44,310] INFO - 5점만점에 5점, 2024.04.07, 마녀공장 
[2024-10-20 21:45:44,336] INFO - 5점만점에 5점, 2024.04.07, 제 피부가
[2024-10-20 21:45:44,361] INFO - 5점만점에 5점, 2024.04.07, 밤엔 최소
[2024-10-20 21:45:44,392] INFO - 5점만점에 5점, 2024.04.06, 마녀공장

[2024-10-20 21:45:44,421] INFO - 5점만점에 5점, 2024.05.26, 피부가 건
[2024-10-20 21:45:44,449] INFO - 5점만점에 5점, 2024.05.26, 에센스토너
[2024-10-20 21:45:44,478] INFO - 5점만점에 5점, 2024.05.26, 보습력이 
[2024-10-20 21:45:44,506] INFO - 5점만점에 5점, 2024.05.25, 에센스토너
[2024-10-20 21:45:44,536] INFO - 5점만점에 5점, 2024.05.24, 유수분 모
[2024-10-20 21:45:44,564] INFO - 5점만점에 5점, 2024.05.23, 신기한 언
[2024-10-20 21:45:49,712] INFO - 리뷰페이지 21 크롤링 중
[2024-10-20 21:45:49,743] INFO - 5점만점에 5점, 2024.05.21, 판테토인 
[2024-10-20 21:45:49,769] INFO - 5점만점에 5점, 2024.05.19, 사실 좀 
[2024-10-20 21:45:49,793] INFO - 5점만점에 5점, 2024.05.19, 너무나 건
[2024-10-20 21:45:49,819] INFO - 5점만점에 5점, 2024.05.19, 적당히 묽
[2024-10-20 21:45:49,844] INFO - 5점만점에 5점, 2024.05.18, 마녀공장 
[2024-10-20 21:45:49,868] INFO - 5점만점에 5점, 2024.05.17, 패키지 디
[2024-10-20 21:45:49,899] INFO - 5점만점에 5점, 2024.05.15, 에센스랑 
[2024-10-20 21:45:49,925] INFO - 5점만점에 5점, 2024.05.15, 평소 화장
[2024-10-20 21:45:49,949] INFO - 5점만점에 5점, 2024.05.14, 제가 건성
[2024-10-20 21:45:49,973] INFO - 5점만점에 5점, 2024.05.14, 수부지피부
[2024-10-20 21:45:55,112] INFO - 리뷰페이지 22 크롤링 중
[2024-10-20 21:45:55,156] INFO - 5점만점에 4점, 2024.05.13, 에센스토너
[2024-10-20 21:45:55,181] INFO - 5점만점에 5점, 2024.05.10, 이번이 두
[2024-10-20 21:45:55,206] INFO - 5점만점에 5점, 2024.05.10, 속건조가 
[2024-10-20 21:45:55,232] INFO - 5점만점에 5점, 2024.05.10, 마녀공장 
[2024-10-20 21:45:55,256] INFO - 5점만점에 5점, 2024.05.09, 바쁜아침에
[2024-10-20 21:45:55,291] INFO - 5점만점에 5점, 2024.04.21, 점성있는 
[2024-10-20 21:45:55,316] INFO - 5점만점에 5점, 2024.04.20, 제품을 받
[2024-10-20 21:45:55,342] INFO - 5점만점에 5점, 2024.04.15, 약간 점성
[2024-10-20 21:45:55,367] INFO - 5점만점에 5점, 2024.04.12, 피부에 자
[2024-10-20 21:45:55,391] INFO - 5점만점에 5점, 2024.04.07, 보습에 진
[2024-10-20 21:46:00,541] INFO - 리뷰페이지 23 크롤링 중
[2024-10-20 21:46:00,569] INFO - 5점만점에 5점, 2024.04.07, ♣ 마녀공
[2024-10-20 21:46:00,595] INFO - 5점만점에 5점, 2024.04.06, 마녀공장 
[2024-10-20 21:46:00,622] INFO - 5점만점에 4점, 2024.10.11, 지난번꺼 
[2024-10-20 21:46:00,648] INFO - 5점만점에 5점, 2024.09.23, 토너나 스
[2024-10-20 21:46:00,675] INFO - 5점만점에 4점, 2024.09.19, 음 마녀공
[2024-10-20 21:46:00,704] INFO - 5점만점에 5점, 2024.09.19, 향도 좋고
[2024-10-20 21:46:00,729] INFO - 5점만점에 5점, 2024.09.18, 순하고 보
[2024-10-20 21:46:00,755] INFO - 5점만점에 5점, 2024.09.17, 에센스와 
[2024-10-20 21:46:00,781] INFO - 5점만점에 5점, 2024.09.16, 샘플 써보
[2024-10-20 21:46:00,807] INFO - 5점만점에 5점, 2024.09.16, 이중 클렌
[2024-10-20 21:46:05,963] INFO - 리뷰페이지 24 크롤링 중
[2024-10-20 21:46:05,991] INFO - 5점만점에 5점, 2024.09.16, 바르고 나
[2024-10-20 21:46:06,018] INFO - 5점만점에 5점, 2024.09.13, 건성피부에
[2024-10-20 21:46:06,042] INFO - 5점만점에 5점, 2024.09.11, 수부지인지
[2024-10-20 21:46:06,067] INFO - 5점만점에 4점, 2024.09.09, 에센스 토
[2024-10-20 21:46:06,091] INFO - 5점만점에 5점, 2024.09.08, 자극없이 
[2024-10-20 21:46:06,115] INFO - 5점만점에 5점, 2024.09.07, 환절기라 
[2024-10-20 21:46:06,139] INFO - 5점만점에 5점, 2024.09.06, 순하고 발
[2024-10-20 21:46:06,163] INFO - 5점만점에 5점, 2024.09.05, 횐덜기라 
[2024-10-20 21:46:06,187] INFO - 5점만점에 5점, 2024.09.03, 제형이 안
[2024-10-20 21:46:06,212] INFO - 5점만점에 5점, 2024.09.03, 사용법도 
[2024-10-20 21:46:11,393] INFO - 리뷰페이지 25 크롤링 중
[2024-10-20 21:46:11,446] INFO - 5점만점에 5점, 2024.09.03, 더울때 여
[2024-10-20 21:46:11,471] INFO - 5점만점에 5점, 2024.09.02, 촉촉하게 
[2024-10-20 21:46:11,495] INFO - 5점만점에 5점, 2024.09.02, 수분, 보
[2024-10-20 21:46:11,519] INFO - 5점만점에 4점, 2024.09.01, 촉촉하고

[2024-10-20 21:46:11,543] INFO - 5점만점에 4점, 2024.09.01, 수부지 이
[2024-10-20 21:46:11,568] INFO - 5점만점에 5점, 2024.09.01, 토너 너무
[2024-10-20 21:46:11,593] INFO - 5점만점에 5점, 2024.09.01, 에센스형 
[2024-10-20 21:46:11,619] INFO - 5점만점에 5점, 2024.08.31, 마녀공장 
[2024-10-20 21:46:11,644] INFO - 5점만점에 5점, 2024.08.31, 너무 순하
[2024-10-20 21:46:11,668] INFO - 5점만점에 5점, 2024.08.30, 건성에게는
[2024-10-20 21:46:16,813] INFO - 리뷰페이지 26 크롤링 중
[2024-10-20 21:46:16,841] INFO - 5점만점에 5점, 2024.08.30, 에센스 토
[2024-10-20 21:46:16,868] INFO - 5점만점에 5점, 2024.08.29, 기대안했는
[2024-10-20 21:46:16,894] INFO - 5점만점에 5점, 2024.08.28, 피부에 여
[2024-10-20 21:46:16,920] INFO - 5점만점에 5점, 2024.08.23, 많이 구매
[2024-10-20 21:46:16,946] INFO - 5점만점에 5점, 2024.05.25, 속건조 잡
[2024-10-20 21:46:16,973] INFO - 5점만점에 5점, 2024.05.19, 요렇게 뜯
[2024-10-20 21:46:17,000] INFO - 5점만점에 5점, 2024.05.19, 판테토인 
[2024-10-20 21:46:17,028] INFO - 5점만점에 5점, 2024.05.19, 마치 에센
[2024-10-20 21:46:17,055] INFO - 5점만점에 5점, 2024.05.15, 자극없이 
[2024-10-20 21:46:17,080] INFO - 5점만점에 5점, 2024.05.13, 나이가 들
[2024-10-20 21:46:22,228] INFO - 리뷰페이지 27 크롤링 중
[2024-10-20 21:46:22,291] INFO - 5점만점에 5점, 2024.05.11, 평소 마녀
[2024-10-20 21:46:22,317] INFO - 5점만점에 5점, 2024.05.10, 오자마자 
[2024-10-20 21:46:22,342] INFO - 5점만점에 5점, 2024.05.10, 점성있는 
[2024-10-20 21:46:22,368] INFO - 5점만점에 5점, 2024.04.21, 봄철에 건
[2024-10-20 21:46:22,393] INFO - 5점만점에 5점, 2024.04.21, 건성에 예
[2024-10-20 21:46:22,417] INFO - 5점만점에 5점, 2024.04.20, 마녀공장 
[2024-10-20 21:46:22,442] INFO - 5점만점에 5점, 2024.04.14, 기분 좋은
[2024-10-20 21:46:22,468] INFO - 5점만점에 5점, 2024.04.13, 건조한 피
[2024-10-20 21:46:22,493] INFO - 5점만점에 5점, 2024.04.09, 향은 무향
[2024-10-20 21:46:22,519] INFO - 5점만점에 5점, 2024.04.09, 향이 없어
[2024-10-20 21:46:27,660] INFO - 리뷰페이지 28 크롤링 중
[2024-10-20 21:46:27,722] INFO - 5점만점에 5점, 2024.09.13, 보습력 강
[2024-10-20 21:46:27,747] INFO - 5점만점에 5점, 2024.09.10, 보습력이 
[2024-10-20 21:46:27,772] INFO - 5점만점에 5점, 2024.09.09, 제품이 진
[2024-10-20 21:46:27,800] INFO - 5점만점에 5점, 2024.09.08, 피부에 자
[2024-10-20 21:46:27,826] INFO - 5점만점에 5점, 2024.09.06, 크기도 적
[2024-10-20 21:46:27,851] INFO - 5점만점에 5점, 2024.09.03, 촉촉해서 
[2024-10-20 21:46:27,881] INFO - 5점만점에 5점, 2024.08.31, 자극 없이
[2024-10-20 21:46:27,906] INFO - 5점만점에 5점, 2024.08.28, 혹시 안맞
[2024-10-20 21:46:27,930] INFO - 5점만점에 5점, 2024.08.27, 마녀공장 
[2024-10-20 21:46:27,955] INFO - 5점만점에 5점, 2024.08.26, 짱 좋아요
[2024-10-20 21:46:33,103] INFO - 리뷰페이지 29 크롤링 중
[2024-10-20 21:46:33,130] INFO - 5점만점에 5점, 2024.08.25, 마녀공장진
[2024-10-20 21:46:33,157] INFO - 5점만점에 5점, 2024.08.25, 성분이 피
[2024-10-20 21:46:33,184] INFO - 5점만점에 5점, 2024.05.26, 건강한 피
[2024-10-20 21:46:33,211] INFO - 5점만점에 5점, 2024.05.26, 피부의 표
[2024-10-20 21:46:33,237] INFO - 5점만점에 5점, 2024.05.22, 마녀공장 
[2024-10-20 21:46:33,264] INFO - 5점만점에 5점, 2024.05.19, 판테토인 
[2024-10-20 21:46:33,291] INFO - 5점만점에 5점, 2024.05.19, 최근 피부
[2024-10-20 21:46:33,317] INFO - 5점만점에 4점, 2024.05.19, 마녀공장제
[2024-10-20 21:46:33,342] INFO - 5점만점에 5점, 2024.05.19, 무색,무향
[2024-10-20 21:46:33,368] INFO - 5점만점에 5점, 2024.05.15, 수분을 채
[2024-10-20 21:46:38,522] INFO - 리뷰페이지 30 크롤링 중
[2024-10-20 21:46:38,576] INFO - 5점만점에 5점, 2024.05.12, 에센스 토
[2024-10-20 21:46:38,601] INFO - 5점만점에 5점, 2024.05.12, 마녀공장은
[2024-10-20 21:46:38,625] INFO - 5점만점에 5점, 2024.05.10, 무향에 가
[2024-10-20 21:46:38,657] INFO - 5점만점에 5점, 2024.05.09, 피부가 예
[2024-10-20 21:46:38,682] INFO - 5점만점에 5점, 2024.04.06, 사용하던 
[2024-10-20 21:46:38,708] INFO - 5점만점에 5점, 2024.04.06, 토너임에도
[2024-10-20 21:46:38,732] INFO - 5점만점에 5점, 2024.07.20, 악건성으로
[2024-10-20 21:46:38,758] INFO - 5점만점에 5점, 2024.06.26, 약간 콧물
[2024-10-20 21:46:38,783] INFO - 5점만점에 5점, 2024.06.09, 마녀공장은
[2024-10-20 21:46:38,807] INFO - 5점만점에 5점, 2024.05.26, 묽은 제형
[2024-10-20 21:46:43,965] INFO - 리뷰페이지 31 크롤링 중
[2024-10-20 21:46:43,998] INFO - 5점만점에 5점, 2024.05.26, 에센스 토
[2024-10-20 21:46:44,024] INFO - 5점만점에 5점, 2024.05.26, 에센스 토
[2024-10-20 21:46:44,049] INFO - 5점만점에 5점, 2024.05.26, 건성에 가
[2024-10-20 21:46:44,075] INFO - 5점만점에 5점, 2024.05.26, 에센스토너
[2024-10-20 21:46:44,099] INFO - 5점만점에 5점, 2024.05.26, 묽은 제형
[2024-10-20 21:46:44,124] INFO - 5점만점에 5점, 2024.05.26, 제형이 신
[2024-10-20 21:46:44,148] INFO - 5점만점에 5점, 2024.05.26, 일반 토너
[2024-10-20 21:46:44,173] INFO - 5점만점에 5점, 2024.05.26, 에센스토너
[2024-10-20 21:46:44,197] INFO - 5점만점에 5점, 2024.05.26, 순하고 촉
[2024-10-20 21:46:44,230] INFO - 5점만점에 5점, 2024.05.25, 에센스토너
[2024-10-20 21:46:49,393] INFO - 리뷰페이지 32 크롤링 중
[2024-10-20 21:46:49,419] INFO - 5점만점에 5점, 2024.05.25, 일반 토너
[2024-10-20 21:46:49,445] INFO - 5점만점에 5점, 2024.05.25, 크림 에센
[2024-10-20 21:46:49,472] INFO - 5점만점에 5점, 2024.05.25, 속보습이 
[2024-10-20 21:46:49,497] INFO - 5점만점에 5점, 2024.05.24, 주루룩 흐
[2024-10-20 21:46:49,523] INFO - 5점만점에 5점, 2024.05.22, 성분도 너
[2024-10-20 21:46:49,549] INFO - 5점만점에 5점, 2024.05.19, 저는 세안
[2024-10-20 21:46:49,575] INFO - 5점만점에 5점, 2024.05.19, 요새 완전
[2024-10-20 21:46:49,601] INFO - 5점만점에 5점, 2024.05.19, 재구매했어
[2024-10-20 21:46:49,628] INFO - 5점만점에 5점, 2024.05.19, 마녀공장 
[2024-10-20 21:46:49,653] INFO - 5점만점에 5점, 2024.05.18, 마녀공장~
[2024-10-20 21:46:54,917] INFO - 리뷰페이지 33 크롤링 중
[2024-10-20 21:46:54,986] INFO - 5점만점에 5점, 2024.05.16, 마녀공장제
[2024-10-20 21:46:55,013] INFO - 5점만점에 5점, 2024.05.16, 토너인데 
[2024-10-20 21:46:55,037] INFO - 5점만점에 5점, 2024.05.15, 일반 토너
[2024-10-20 21:46:55,062] INFO - 5점만점에 5점, 2024.05.15, 마공 판테
[2024-10-20 21:46:55,087] INFO - 5점만점에 5점, 2024.05.15, 일단 케이
[2024-10-20 21:46:55,119] INFO - 5점만점에 5점, 2024.05.15, 케이스부터
[2024-10-20 21:46:55,146] INFO - 5점만점에 4점, 2024.05.14, 주변에서 
[2024-10-20 21:46:55,170] INFO - 5점만점에 5점, 2024.05.14, 요새 속보
[2024-10-20 21:46:55,195] INFO - 5점만점에 5점, 2024.05.14, 물토너만 
[2024-10-20 21:46:55,220] INFO - 5점만점에 5점, 2024.05.14, 요즘 날이
[2024-10-20 21:47:00,361] INFO - 리뷰페이지 34 크롤링 중
[2024-10-20 21:47:00,391] INFO - 5점만점에 4점, 2024.05.13, 콧물 스킨
[2024-10-20 21:47:00,419] INFO - 5점만점에 5점, 2024.05.13, 악 건성 
[2024-10-20 21:47:00,445] INFO - 5점만점에 5점, 2024.05.12, 타사 크림
[2024-10-20 21:47:00,471] INFO - 5점만점에 5점, 2024.05.12, 아침엔 귀
[2024-10-20 21:47:00,495] INFO - 5점만점에 5점, 2024.05.12, 여러가지 
[2024-10-20 21:47:00,519] INFO - 5점만점에 5점, 2024.05.10, 요즘 닦토
[2024-10-20 21:47:00,543] INFO - 5점만점에 5점, 2024.05.10, 요거 유튜
[2024-10-20 21:47:00,567] INFO - 5점만점에 5점, 2024.05.10, 마녀공장 
[2024-10-20 21:47:00,592] INFO - 5점만점에 5점, 2024.05.10, 마녀공장 
[2024-10-20 21:47:00,617] INFO - 5점만점에 5점, 2024.05.09, 요즘 피부
[2024-10-20 21:47:05,780] INFO - 리뷰페이지 35 크롤링 중
[2024-10-20 21:47:05,917] INFO - 5점만점에 5점, 2024.05.07, 예민한 피
[2024-10-20 21:47:06,042] INFO - 5점만점에 5점, 2024.04.22, 약간 유백
[2024-10-20 21:47:06,083] INFO - 5점만점에 5점, 2024.04.21, 마녀공장 
[2024-10-20 21:47:06,109] INFO - 5점만점에 5점, 2024.04.21, 일반 토너
[2024-10-20 21:47:06,134] INFO - 5점만점에 5점, 2024.04.21, 물 같은 
[2024-10-20 21:47:06,160] INFO - 5점만점에 5점, 2024.04.21, 마녀공장 
[2024-10-20 21:47:06,185] INFO - 5점만점에 5점, 2024.04.21, 바른 후 
[2024-10-20 21:47:06,210] INFO - 5점만점에 5점, 2024.04.20, 에센스토너
[2024-10-20 21:47:06,235] INFO - 5점만점에 5점, 2024.04.20, 고농축 에
[2024-10-20 21:47:06,261] INFO - 5점만점에 5점, 2024.04.19, 에센스토너
[2024-10-20 21:47:11,468] INFO - 리뷰페이지 36 크롤링 중
[2024-10-20 21:47:11,499] INFO - 5점만점에 5점, 2024.04.19, 마녀공장 
[2024-10-20 21:47:11,523] INFO - 5점만점에 5점, 2024.04.16, 촉촉하니 
[2024-10-20 21:47:11,548] INFO - 5점만점에 4점, 2024.04.14, 얼마전에 
[2024-10-20 21:47:11,572] INFO - 5점만점에 5점, 2024.04.13, 20대 후
[2024-10-20 21:47:11,595] INFO - 5점만점에 5점, 2024.04.13, 판테토인 
[2024-10-20 21:47:11,620] INFO - 5점만점에 5점, 2024.04.10, 요즘 환절
[2024-10-20 21:47:11,646] INFO - 5점만점에 5점, 2024.04.09, 마녀공장 
[2024-10-20 21:47:11,671] INFO - 5점만점에 5점, 2024.04.09, 쫀쫀한 제
[2024-10-20 21:47:11,697] INFO - 5점만점에 5점, 2024.04.09, 에센스 제
[2024-10-20 21:47:11,721] INFO - 5점만점에 5점, 2024.04.06, 세안직후 
[2024-10-20 21:47:16,868] INFO - 리뷰페이지 37 크롤링 중
[2024-10-20 21:47:16,939] INFO - 5점만점에 5점, 2024.05.26, 토너랑 에
[2024-10-20 21:47:16,966] INFO - 5점만점에 5점, 2024.05.19, 이거 1개
[2024-10-20 21:47:16,992] INFO - 5점만점에 5점, 2024.05.13, 판테토인이
[2024-10-20 21:47:17,016] INFO - 5점만점에 5점, 2024.04.21, 평소에 마
[2024-10-20 21:47:17,041] INFO - 5점만점에 5점, 2024.04.10, 마녀공장 
[2024-10-20 21:47:17,064] INFO - 5점만점에 5점, 2024.10.19, 판테토인이
[2024-10-20 21:47:17,088] INFO - 5점만점에 5점, 2024.10.17, 마녀공장 
[2024-10-20 21:47:17,114] INFO - 5점만점에 5점, 2024.10.17, 평점이 높
[2024-10-20 21:47:17,139] INFO - 5점만점에 4점, 2024.10.15, 자극 없고
[2024-10-20 21:47:17,164] INFO - 5점만점에 5점, 2024.10.14, 건성이나 
[2024-10-20 21:47:22,281] INFO - 리뷰페이지 38 크롤링 중
[2024-10-20 21:47:22,313] INFO - 5점만점에 5점, 2024.10.14, 피부 예민
[2024-10-20 21:47:22,343] INFO - 5점만점에 5점, 2024.09.26, 건성인데 
[2024-10-20 21:47:22,374] INFO - 5점만점에 5점, 2024.09.10, 무난하게 
[2024-10-20 21:47:22,403] INFO - 5점만점에 3점, 2024.09.02, 완전 묽지
[2024-10-20 21:47:22,438] INFO - 5점만점에 5점, 2024.08.21, 엄청 촉촉
[2024-10-20 21:47:22,473] INFO - 5점만점에 5점, 2024.08.02, 자극을 진
[2024-10-20 21:47:22,500] INFO - 5점만점에 5점, 2024.07.23, 약간 에스
[2024-10-20 21:47:22,525] INFO - 5점만점에 5점, 2024.05.26, 토너만 발
[2024-10-20 21:47:22,550] INFO - 5점만점에 5점, 2024.05.26, 에센스토너
[2024-10-20 21:47:22,575] INFO - 5점만점에 5점, 2024.05.26, 일반 토너
[2024-10-20 21:47:27,753] INFO - 리뷰페이지 39 크롤링 중
[2024-10-20 21:47:27,783] INFO - 5점만점에 5점, 2024.05.26, 에센스 토
[2024-10-20 21:47:27,808] INFO - 5점만점에 5점, 2024.05.26, 마녀공장 
[2024-10-20 21:47:27,833] INFO - 5점만점에 5점, 2024.05.26, 에센스 토
[2024-10-20 21:47:27,858] INFO - 5점만점에 5점, 2024.05.26, 촉촉한 판
[2024-10-20 21:47:27,886] INFO - 5점만점에 5점, 2024.05.25, 너무 좋아
[2024-10-20 21:47:27,918] INFO - 5점만점에 5점, 2024.05.25, 저처럼 이
[2024-10-20 21:47:27,943] INFO - 5점만점에 5점, 2024.05.24, 제형은 묽
[2024-10-20 21:47:27,967] INFO - 5점만점에 5점, 2024.05.24, 제가 너무
[2024-10-20 21:47:27,991] INFO - 5점만점에 5점, 2024.05.23, 날씨는 더
[2024-10-20 21:47:28,015] INFO - 5점만점에 5점, 2024.05.21, 에센스토너
[2024-10-20 21:47:33,189] INFO - 리뷰페이지 40 크롤링 중
[2024-10-20 21:47:33,316] INFO - 5점만점에 5점, 2024.05.19, 건성이라 
[2024-10-20 21:47:33,340] INFO - 5점만점에 5점, 2024.05.19, 마녀공장 
[2024-10-20 21:47:33,365] INFO - 5점만점에 5점, 2024.05.19, 에센스 토
[2024-10-20 21:47:33,389] INFO - 5점만점에 5점, 2024.05.18, 무향의 산
[2024-10-20 21:47:33,415] INFO - 5점만점에 5점, 2024.05.18, 여지껏 사
[2024-10-20 21:47:33,440] INFO - 5점만점에 5점, 2024.05.17, 나이가 들
[2024-10-20 21:47:33,468] INFO - 5점만점에 5점, 2024.05.17, 장벽케어라
[2024-10-20 21:47:33,494] INFO - 5점만점에 5점, 2024.05.17, 보습에 좋
[2024-10-20 21:47:33,519] INFO - 5점만점에 5점, 2024.05.16, 우선 순한
[2024-10-20 21:47:33,544] INFO - 5점만점에 5점, 2024.05.16, 에센스와 
[2024-10-20 21:47:38,686] INFO - 리뷰페이지 41 크롤링 중
[2024-10-20 21:47:38,715] INFO - 5점만점에 4점, 2024.05.16, 평소 물토
[2024-10-20 21:47:38,741] INFO - 5점만점에 5점, 2024.05.15, 다른 토너
[2024-10-20 21:47:38,766] INFO - 5점만점에 5점, 2024.05.15, 보습에 너
[2024-10-20 21:47:38,790] INFO - 5점만점에 5점, 2024.05.15, 피부장벽 
[2024-10-20 21:47:38,814] INFO - 5점만점에 5점, 2024.05.15, 촉촉하고 
[2024-10-20 21:47:38,838] INFO - 5점만점에 4점, 2024.05.14, 하얀색의 
[2024-10-20 21:47:38,863] INFO - 5점만점에 5점, 2024.05.14, 세안하자마
[2024-10-20 21:47:38,889] INFO - 5점만점에 4점, 2024.05.14, 콧물스킨 
[2024-10-20 21:47:38,916] INFO - 5점만점에 5점, 2024.05.14, 토너 여기
[2024-10-20 21:47:38,940] INFO - 5점만점에 5점, 2024.05.14, 광고 보고
[2024-10-20 21:47:44,067] INFO - 리뷰페이지 42 크롤링 중
[2024-10-20 21:47:44,092] INFO - 5점만점에 5점, 2024.05.14, 화장품 바
[2024-10-20 21:47:44,116] INFO - 5점만점에 5점, 2024.05.13, 겨울지나고
[2024-10-20 21:47:44,140] INFO - 5점만점에 5점, 2024.05.13, 환절기에는
[2024-10-20 21:47:44,165] INFO - 5점만점에 5점, 2024.05.13, 토너와 에
[2024-10-20 21:47:44,189] INFO - 5점만점에 5점, 2024.05.13, 마녀공장은
[2024-10-20 21:47:44,213] INFO - 5점만점에 5점, 2024.05.12, 보습토너를
[2024-10-20 21:47:44,238] INFO - 5점만점에 5점, 2024.05.12, 완전 물 
[2024-10-20 21:47:44,264] INFO - 5점만점에 5점, 2024.05.11, 유백색의 
[2024-10-20 21:47:44,289] INFO - 5점만점에 5점, 2024.05.09, 토너가 조
[2024-10-20 21:47:44,313] INFO - 5점만점에 5점, 2024.05.08, 스킨타입을
[2024-10-20 21:47:49,498] INFO - 리뷰페이지 43 크롤링 중
[2024-10-20 21:47:49,548] INFO - 5점만점에 5점, 2024.05.08, 극강의 보
[2024-10-20 21:47:49,572] INFO - 5점만점에 5점, 2024.05.08, 마녀공장은
[2024-10-20 21:47:49,596] INFO - 5점만점에 5점, 2024.04.21, 속건성이 
[2024-10-20 21:47:49,620] INFO - 5점만점에 5점, 2024.04.21, 저는 지성
[2024-10-20 21:47:49,645] INFO - 5점만점에 5점, 2024.04.20, 속건조 찐
[2024-10-20 21:47:49,669] INFO - 5점만점에 5점, 2024.04.20, 수부지한테
[2024-10-20 21:47:49,696] INFO - 5점만점에 5점, 2024.04.17, 역시 마녀
[2024-10-20 21:47:49,722] INFO - 5점만점에 5점, 2024.04.12, 판테토인 
[2024-10-20 21:47:49,747] INFO - 5점만점에 5점, 2024.04.11, 저는 예민
[2024-10-20 21:47:49,772] INFO - 5점만점에 5점, 2024.04.11, 에센스제형
[2024-10-20 21:47:54,934] INFO - 리뷰페이지 44 크롤링 중
[2024-10-20 21:47:55,062] INFO - 5점만점에 5점, 2024.04.09, 마녀공장 
[2024-10-20 21:47:55,088] INFO - 5점만점에 5점, 2024.04.07, 콧물 제형
[2024-10-20 21:47:55,114] INFO - 5점만점에 5점, 2024.04.06, 믿고쓰는 
[2024-10-20 21:47:55,139] INFO - 5점만점에 5점, 2024.04.06, 에센스 토
[2024-10-20 21:47:55,163] INFO - 5점만점에 5점, 2024.04.06, 닥토 후에
[2024-10-20 21:47:55,187] INFO - 5점만점에 5점, 2024.04.06, 제형이 흐
[2024-10-20 21:47:55,215] INFO - 5점만점에 5점, 2024.04.06, 물 같은 
[2024-10-20 21:47:55,239] INFO - 5점만점에 5점, 2024.10.01, 한 세통 
[2024-10-20 21:47:55,265] INFO - 5점만점에 5점, 2024.08.19, 물 같은 
[2024-10-20 21:47:55,291] INFO - 5점만점에 5점, 2024.08.18, 묽은제형 
[2024-10-20 21:48:00,452] INFO - 리뷰페이지 45 크롤링 중
[2024-10-20 21:48:00,585] INFO - 5점만점에 5점, 2024.08.18, 순하고 자
[2024-10-20 21:48:00,621] INFO - 5점만점에 5점, 2024.08.17, 그냥저냥 
[2024-10-20 21:48:00,650] INFO - 5점만점에 5점, 2024.08.14, 건성인데 
[2024-10-20 21:48:00,677] INFO - 5점만점에 5점, 2024.08.04, 판테토인 
[2024-10-20 21:48:00,704] INFO - 5점만점에 5점, 2024.07.25, 무난했구 
[2024-10-20 21:48:00,730] INFO - 5점만점에 5점, 2024.07.22, 오 비피다
[2024-10-20 21:48:00,757] INFO - 5점만점에 5점, 2024.07.13, 촉촉하면서
[2024-10-20 21:48:00,782] INFO - 5점만점에 5점, 2024.07.12, 마녀 공장
[2024-10-20 21:48:00,807] INFO - 5점만점에 5점, 2024.07.10, 한통 거의
[2024-10-20 21:48:00,832] INFO - 5점만점에 5점, 2024.07.07, 일반 토너
[2024-10-20 21:48:05,997] INFO - 리뷰페이지 46 크롤링 중
[2024-10-20 21:48:06,069] INFO - 5점만점에 5점, 2024.07.01, 너무 순하
[2024-10-20 21:48:06,095] INFO - 5점만점에 5점, 2024.06.27, 진득하지도
[2024-10-20 21:48:06,121] INFO - 5점만점에 5점, 2024.06.26, 얼굴 부분
[2024-10-20 21:48:06,147] INFO - 5점만점에 5점, 2024.06.25, 에센스+토
[2024-10-20 21:48:06,172] INFO - 5점만점에 5점, 2024.06.25, 세안 후 
[2024-10-20 21:48:06,196] INFO - 5점만점에 5점, 2024.06.24, 묽은 제형
[2024-10-20 21:48:06,222] INFO - 5점만점에 5점, 2024.06.17, 보습력, 
[2024-10-20 21:48:06,247] INFO - 5점만점에 5점, 2024.06.13, 사용할수록
[2024-10-20 21:48:06,271] INFO - 5점만점에 5점, 2024.06.13, 피부에 보
[2024-10-20 21:48:06,296] INFO - 5점만점에 5점, 2024.05.26, 우유빛 묽
[2024-10-20 21:48:11,465] INFO - 리뷰페이지 47 크롤링 중
[2024-10-20 21:48:11,526] INFO - 5점만점에 5점, 2024.05.26, 순하고 적
[2024-10-20 21:48:11,551] INFO - 5점만점에 5점, 2024.05.26, 에센스 토
[2024-10-20 21:48:11,575] INFO - 5점만점에 5점, 2024.05.26, 사용하기 
[2024-10-20 21:48:11,599] INFO - 5점만점에 5점, 2024.05.26, 토너가 자
[2024-10-20 21:48:11,624] INFO - 5점만점에 5점, 2024.05.26, 매우 순한
[2024-10-20 21:48:11,648] INFO - 5점만점에 5점, 2024.05.26, 콧물제형의
[2024-10-20 21:48:11,674] INFO - 5점만점에 5점, 2024.05.26, 매번 믿고
[2024-10-20 21:48:11,700] INFO - 5점만점에 5점, 2024.05.26, 여름에 단
[2024-10-20 21:48:11,726] INFO - 5점만점에 5점, 2024.05.26, 평소 기름
[2024-10-20 21:48:11,752] INFO - 5점만점에 5점, 2024.05.26, 에센스와 
[2024-10-20 21:48:16,917] INFO - 리뷰페이지 48 크롤링 중
[2024-10-20 21:48:16,985] INFO - 5점만점에 5점, 2024.05.26, 에센스토너
[2024-10-20 21:48:17,012] INFO - 5점만점에 5점, 2024.05.26, 주변에서 
[2024-10-20 21:48:17,037] INFO - 5점만점에 5점, 2024.05.26, 물처럼 흐
[2024-10-20 21:48:17,062] INFO - 5점만점에 5점, 2024.05.26, 촉촉함이 
[2024-10-20 21:48:17,087] INFO - 5점만점에 5점, 2024.05.26, 판토테인 
[2024-10-20 21:48:17,110] INFO - 5점만점에 5점, 2024.05.25, 가벼운 사
[2024-10-20 21:48:17,135] INFO - 5점만점에 5점, 2024.05.25, 마녀공장에
[2024-10-20 21:48:17,161] INFO - 5점만점에 5점, 2024.05.25, 약간 점성
[2024-10-20 21:48:17,185] INFO - 5점만점에 5점, 2024.05.23, 에센스랑 
[2024-10-20 21:48:17,209] INFO - 5점만점에 5점, 2024.05.21, 마녀공장 
[2024-10-20 21:48:22,361] INFO - 리뷰페이지 49 크롤링 중
[2024-10-20 21:48:22,425] INFO - 5점만점에 5점, 2024.05.20, 제형부터 
[2024-10-20 21:48:22,449] INFO - 5점만점에 5점, 2024.05.20, 에센스 제
[2024-10-20 21:48:22,474] INFO - 5점만점에 5점, 2024.05.19, 보습혁좋은
[2024-10-20 21:48:22,499] INFO - 5점만점에 5점, 2024.05.19, 일반 토너
[2024-10-20 21:48:22,524] INFO - 5점만점에 5점, 2024.05.19, 점점 날이
[2024-10-20 21:48:22,549] INFO - 5점만점에 5점, 2024.05.19, 약간 무게
[2024-10-20 21:48:22,574] INFO - 5점만점에 5점, 2024.05.19, 요즘처럼 
[2024-10-20 21:48:22,599] INFO - 5점만점에 5점, 2024.05.19, 에센스토너
[2024-10-20 21:48:22,624] INFO - 5점만점에 5점, 2024.05.19, 이름처럼 
[2024-10-20 21:48:22,650] INFO - 5점만점에 5점, 2024.05.19, 수분감이 
[2024-10-20 21:48:27,817] INFO - 리뷰페이지 50 크롤링 중
[2024-10-20 21:48:27,856] INFO - 5점만점에 5점, 2024.05.19, 촉촉한 토
[2024-10-20 21:48:27,885] INFO - 5점만점에 5점, 2024.05.19, 마녀공장은
[2024-10-20 21:48:27,912] INFO - 5점만점에 5점, 2024.05.19, 물처럼 흐
[2024-10-20 21:48:27,938] INFO - 5점만점에 5점, 2024.05.19, 피부 건강
[2024-10-20 21:48:27,962] INFO - 5점만점에 5점, 2024.05.19, 물토너와 
[2024-10-20 21:48:27,987] INFO - 5점만점에 5점, 2024.05.19, 콧물스킨제
[2024-10-20 21:48:28,014] INFO - 5점만점에 5점, 2024.05.18, 콧물토너의
[2024-10-20 21:48:28,039] INFO - 5점만점에 5점, 2024.05.18, 가격도 저
[2024-10-20 21:48:28,064] INFO - 5점만점에 5점, 2024.05.18, 에센스와 
[2024-10-20 21:48:28,089] INFO - 5점만점에 5점, 2024.05.18, 마녀공장은
[2024-10-20 21:48:33,253] INFO - 리뷰페이지 51 크롤링 중
[2024-10-20 21:48:33,370] INFO - 5점만점에 5점, 2024.05.18, 이름 그대
[2024-10-20 21:48:33,418] INFO - 5점만점에 5점, 2024.05.17, 판토테인 
[2024-10-20 21:48:33,443] INFO - 5점만점에 5점, 2024.05.17, 세수하고 
[2024-10-20 21:48:33,469] INFO - 5점만점에 5점, 2024.05.17, 토너가 너
[2024-10-20 21:48:33,494] INFO - 5점만점에 5점, 2024.05.17, 네고왕때 
[2024-10-20 21:48:33,519] INFO - 5점만점에 5점, 2024.05.17, 무난하니 
[2024-10-20 21:48:33,543] INFO - 5점만점에 5점, 2024.05.17, 환절기가 
[2024-10-20 21:48:33,569] INFO - 5점만점에 4점, 2024.05.17, 판테토인 
[2024-10-20 21:48:33,593] INFO - 5점만점에 5점, 2024.05.17, 물토너가 
[2024-10-20 21:48:33,617] INFO - 5점만점에 5점, 2024.05.16, 에센스 토
[2024-10-20 21:48:38,773] INFO - 리뷰페이지 52 크롤링 중
[2024-10-20 21:48:38,847] INFO - 5점만점에 5점, 2024.05.16, 토너중에 
[2024-10-20 21:48:38,872] INFO - 5점만점에 5점, 2024.05.15, 물토너인데
[2024-10-20 21:48:38,897] INFO - 5점만점에 5점, 2024.05.15, 에센스를 
[2024-10-20 21:48:38,922] INFO - 5점만점에 5점, 2024.05.15, 마녀 에세
[2024-10-20 21:48:38,946] INFO - 5점만점에 5점, 2024.05.15, 같은 라인
[2024-10-20 21:48:38,971] INFO - 5점만점에 4점, 2024.05.15, 토너가 떨
[2024-10-20 21:48:38,997] INFO - 5점만점에 5점, 2024.05.15, 처음 써보
[2024-10-20 21:48:39,022] INFO - 5점만점에 5점, 2024.05.14, 속건조까지
[2024-10-20 21:48:39,047] INFO - 5점만점에 5점, 2024.05.14, 촉촉하면서
[2024-10-20 21:48:39,072] INFO - 5점만점에 5점, 2024.05.14, 일반적인 
[2024-10-20 21:48:44,192] INFO - 리뷰페이지 53 크롤링 중
[2024-10-20 21:48:44,218] INFO - 5점만점에 5점, 2024.05.14, 트러블진정
[2024-10-20 21:48:44,245] INFO - 5점만점에 5점, 2024.05.14, 지성이라 
[2024-10-20 21:48:44,272] INFO - 5점만점에 5점, 2024.05.14, 엄청 촉촉
[2024-10-20 21:48:44,302] INFO - 5점만점에 5점, 2024.05.14, 민감피부,
[2024-10-20 21:48:44,326] INFO - 5점만점에 5점, 2024.05.14, 토너인데 
[2024-10-20 21:48:44,350] INFO - 5점만점에 5점, 2024.05.14, 판토테인 
[2024-10-20 21:48:44,374] INFO - 5점만점에 5점, 2024.05.14, 속건조에 
[2024-10-20 21:48:44,400] INFO - 5점만점에 5점, 2024.05.14, 물토너가 
[2024-10-20 21:48:44,424] INFO - 5점만점에 5점, 2024.05.14, 피부장벽 
[2024-10-20 21:48:44,449] INFO - 5점만점에 5점, 2024.05.13, 오늘 처음
[2024-10-20 21:48:49,611] INFO - 리뷰페이지 54 크롤링 중
[2024-10-20 21:48:49,715] INFO - 5점만점에 5점, 2024.05.13, 자극이 없
[2024-10-20 21:48:49,740] INFO - 5점만점에 5점, 2024.05.13, 환절기에

[2024-10-20 21:48:49,765] INFO - 5점만점에 5점, 2024.05.12, 에센스토너
[2024-10-20 21:48:49,790] INFO - 5점만점에 5점, 2024.05.12, 속건조가 
[2024-10-20 21:48:49,816] INFO - 5점만점에 5점, 2024.05.12, 엄청 순하
[2024-10-20 21:48:49,841] INFO - 5점만점에 5점, 2024.05.12, 벌써 세번
[2024-10-20 21:48:49,864] INFO - 5점만점에 5점, 2024.05.12, 마녀공장 
[2024-10-20 21:48:49,889] INFO - 5점만점에 5점, 2024.05.12, 에센스 토
[2024-10-20 21:48:49,913] INFO - 5점만점에 5점, 2024.05.12, 너무 맘에
[2024-10-20 21:48:49,938] INFO - 5점만점에 5점, 2024.05.12, 뭐랄까 이
[2024-10-20 21:48:55,087] INFO - 리뷰페이지 55 크롤링 중
[2024-10-20 21:48:55,206] INFO - 5점만점에 5점, 2024.05.11, 아침에 발
[2024-10-20 21:48:55,231] INFO - 5점만점에 5점, 2024.05.11, 화장솜에 
[2024-10-20 21:48:55,256] INFO - 5점만점에 5점, 2024.05.11, 고농축제형
[2024-10-20 21:48:55,280] INFO - 5점만점에 5점, 2024.05.11, 에센스 토
[2024-10-20 21:48:55,315] INFO - 5점만점에 5점, 2024.05.11, 보습감도 
[2024-10-20 21:48:55,340] INFO - 5점만점에 5점, 2024.05.11, 마녀공장 
[2024-10-20 21:48:55,364] INFO - 5점만점에 5점, 2024.05.11, 유명한 마
[2024-10-20 21:48:55,390] INFO - 5점만점에 5점, 2024.05.11, 콧물제형 
[2024-10-20 21:48:55,415] INFO - 5점만점에 5점, 2024.05.11, 찹토하기에
[2024-10-20 21:48:55,442] INFO - 5점만점에 5점, 2024.05.10, 피부 보습
[2024-10-20 21:49:00,616] INFO - 리뷰페이지 56 크롤링 중
[2024-10-20 21:49:00,672] INFO - 5점만점에 5점, 2024.05.10, 완전 물스
[2024-10-20 21:49:00,697] INFO - 5점만점에 5점, 2024.05.10, 토너인데 
[2024-10-20 21:49:00,721] INFO - 5점만점에 5점, 2024.05.10, 마녀공장 
[2024-10-20 21:49:00,746] INFO - 5점만점에 5점, 2024.05.09, 마녀공장 
[2024-10-20 21:49:00,771] INFO - 5점만점에 5점, 2024.05.09, 촉촉하고 
[2024-10-20 21:49:00,795] INFO - 5점만점에 5점, 2024.05.09, 건조하고 
[2024-10-20 21:49:00,821] INFO - 5점만점에 5점, 2024.05.09, 마녀공장 
[2024-10-20 21:49:00,848] INFO - 5점만점에 5점, 2024.05.09, 에센스 토
[2024-10-20 21:49:00,875] INFO - 5점만점에 5점, 2024.05.09, 약간 크리
[2024-10-20 21:49:00,905] INFO - 5점만점에 5점, 2024.05.08, 순하고 자
