nohup: 입력 무시
2024-10-20 21:44:46,796 - INFO - <BrokerConnection node_id=bootstrap-0 host=localhost:9092 <connecting> [IPv4 ('127.0.0.1', 9092)]>: connecting to localhost:9092 [('127.0.0.1', 9092) IPv4]
2024-10-20 21:44:46,796 - INFO - Probing node bootstrap-0 broker version
2024-10-20 21:44:46,796 - INFO - <BrokerConnection node_id=bootstrap-0 host=localhost:9092 <connecting> [IPv4 ('127.0.0.1', 9092)]>: Connection complete.
2024-10-20 21:44:46,898 - INFO - Broker version identified as 2.5.0
2024-10-20 21:44:46,898 - INFO - Set configuration api_version=(2, 5, 0) to skip auto check_version requests on startup
2024-10-20 21:44:46,898 - INFO - Updating subscribed topics to: ('oliveyoung_reviews',)
2024-10-20 21:44:46,905 - INFO - Found credentials in shared credentials file: ~/.aws/credentials
2024-10-20 21:44:47,163 - INFO - <BrokerConnection node_id=1 host=localhost:9092 <connecting> [IPv4 ('127.0.0.1', 9092)]>: connecting to localhost:9092 [('127.0.0.1', 9092) IPv4]
2024-10-20 21:44:47,163 - INFO - <BrokerConnection node_id=1 host=localhost:9092 <connecting> [IPv4 ('127.0.0.1', 9092)]>: Connection complete.
2024-10-20 21:44:47,163 - INFO - <BrokerConnection node_id=bootstrap-0 host=localhost:9092 <connected> [IPv4 ('127.0.0.1', 9092)]>: Closing connection. 
2024-10-20 21:44:47,368 - INFO - Group coordinator for review-consumer-group-test1 is BrokerMetadata(nodeId='coordinator-1', host='localhost', port=9092, rack=None)
2024-10-20 21:44:47,368 - INFO - Discovered coordinator coordinator-1 for group review-consumer-group-test1
2024-10-20 21:44:47,368 - INFO - Starting new heartbeat thread
2024-10-20 21:44:47,368 - INFO - Revoking previously assigned partitions set() for group review-consumer-group-test1
2024-10-20 21:44:47,368 - INFO - <BrokerConnection node_id=coordinator-1 host=localhost:9092 <connecting> [IPv4 ('127.0.0.1', 9092)]>: connecting to localhost:9092 [('127.0.0.1', 9092) IPv4]
2024-10-20 21:44:47,368 - INFO - <BrokerConnection node_id=coordinator-1 host=localhost:9092 <connecting> [IPv4 ('127.0.0.1', 9092)]>: Connection complete.
2024-10-20 21:44:47,469 - INFO - (Re-)joining group review-consumer-group-test1
2024-10-20 21:44:47,482 - INFO - Elected group leader -- performing partition assignments using range
2024-10-20 21:44:47,492 - INFO - Successfully joined group review-consumer-group-test1 with generation 1
2024-10-20 21:44:47,492 - INFO - Updated partition assignment: [TopicPartition(topic='oliveyoung_reviews', partition=0)]
2024-10-20 21:44:47,492 - INFO - Setting newly assigned partitions {TopicPartition(topic='oliveyoung_reviews', partition=0)} for group review-consumer-group-test1
2024-10-20 21:44:47,517 - INFO - Get data - 1
2024-10-20 21:44:47,517 - INFO - Get data - 2
2024-10-20 21:44:47,517 - INFO - Get data - 3
2024-10-20 21:44:47,517 - INFO - Get data - 4
2024-10-20 21:44:47,517 - INFO - Get data - 5
2024-10-20 21:44:47,517 - INFO - Get data - 6
2024-10-20 21:44:47,517 - INFO - Get data - 7
2024-10-20 21:44:47,517 - INFO - Get data - 8
2024-10-20 21:44:47,517 - INFO - Get data - 9
2024-10-20 21:44:47,517 - INFO - Get data - 10
2024-10-20 21:44:47,517 - INFO - Get data - 11
2024-10-20 21:44:47,517 - INFO - Get data - 12
2024-10-20 21:44:47,517 - INFO - Get data - 13
2024-10-20 21:44:47,517 - INFO - Get data - 14
2024-10-20 21:44:47,517 - INFO - Get data - 15
2024-10-20 21:44:47,517 - INFO - Get data - 16
2024-10-20 21:44:47,517 - INFO - Get data - 17
2024-10-20 21:44:47,517 - INFO - Get data - 18
2024-10-20 21:44:47,517 - INFO - Get data - 19
2024-10-20 21:44:47,517 - INFO - Get data - 20
2024-10-20 21:44:47,517 - INFO - Get data - 21
2024-10-20 21:44:47,517 - INFO - Get data - 22
2024-10-20 21:44:47,517 - INFO - Get data - 23
2024-10-20 21:44:47,517 - INFO - Get data - 24
2024-10-20 21:44:47,517 - INFO - Get data - 25
2024-10-20 21:44:47,517 - INFO - Get data - 26
2024-10-20 21:44:47,517 - INFO - Get data - 27
2024-10-20 21:44:47,517 - INFO - Get data - 28
2024-10-20 21:44:47,518 - INFO - Get data - 29
2024-10-20 21:44:47,518 - INFO - Get data - 30
2024-10-20 21:44:47,518 - INFO - Get data - 31
2024-10-20 21:44:47,518 - INFO - Get data - 32
2024-10-20 21:44:47,518 - INFO - Get data - 33
2024-10-20 21:44:47,518 - INFO - Get data - 34
2024-10-20 21:44:47,518 - INFO - Get data - 35
2024-10-20 21:44:47,518 - INFO - Get data - 36
2024-10-20 21:44:47,518 - INFO - Get data - 37
2024-10-20 21:44:47,518 - INFO - Get data - 38
2024-10-20 21:44:47,518 - INFO - Get data - 39
2024-10-20 21:44:47,518 - INFO - Get data - 40
2024-10-20 21:44:47,518 - INFO - Get data - 41
2024-10-20 21:44:47,518 - INFO - Get data - 42
2024-10-20 21:44:47,518 - INFO - Get data - 43
2024-10-20 21:44:47,518 - INFO - Get data - 44
2024-10-20 21:44:47,518 - INFO - Get data - 45
2024-10-20 21:44:47,518 - INFO - Get data - 46
2024-10-20 21:44:47,518 - INFO - Get data - 47
2024-10-20 21:44:47,518 - INFO - Get data - 48
2024-10-20 21:44:47,518 - INFO - Get data - 49
2024-10-20 21:44:47,518 - INFO - Get data - 50
2024-10-20 21:44:47,518 - INFO - Get data - 51
2024-10-20 21:44:47,518 - INFO - Get data - 52
2024-10-20 21:44:47,518 - INFO - Get data - 53
2024-10-20 21:44:47,518 - INFO - Get data - 54
2024-10-20 21:44:47,518 - INFO - Get data - 55
2024-10-20 21:44:47,518 - INFO - Get data - 56
2024-10-20 21:44:47,518 - INFO - Get data - 57
2024-10-20 21:44:47,518 - INFO - Get data - 58
2024-10-20 21:44:47,518 - INFO - Get data - 59
2024-10-20 21:44:47,518 - INFO - Get data - 60
2024-10-20 21:44:47,519 - INFO - Get data - 61
2024-10-20 21:44:47,519 - INFO - Get data - 62
2024-10-20 21:44:47,519 - INFO - Get data - 63
2024-10-20 21:44:47,519 - INFO - Get data - 64
2024-10-20 21:44:47,519 - INFO - Get data - 65
2024-10-20 21:44:47,519 - INFO - Get data - 66
2024-10-20 21:44:47,519 - INFO - Get data - 67
2024-10-20 21:44:47,519 - INFO - Get data - 68
2024-10-20 21:44:47,519 - INFO - Get data - 69
2024-10-20 21:44:47,519 - INFO - Get data - 70
2024-10-20 21:44:47,519 - INFO - Get data - 71
2024-10-20 21:44:47,519 - INFO - Get data - 72
2024-10-20 21:44:47,519 - INFO - Get data - 73
2024-10-20 21:44:47,519 - INFO - Get data - 74
2024-10-20 21:44:47,519 - INFO - Get data - 75
2024-10-20 21:44:47,519 - INFO - Get data - 76
2024-10-20 21:44:47,519 - INFO - Get data - 77
2024-10-20 21:44:47,519 - INFO - Get data - 78
2024-10-20 21:44:47,519 - INFO - Get data - 79
2024-10-20 21:44:47,519 - INFO - Get data - 80
2024-10-20 21:44:47,519 - INFO - Get data - 81
2024-10-20 21:44:47,519 - INFO - Get data - 82
2024-10-20 21:44:47,519 - INFO - Get data - 83
2024-10-20 21:44:47,519 - INFO - Get data - 84
2024-10-20 21:44:47,519 - INFO - Get data - 85
2024-10-20 21:44:47,519 - INFO - Get data - 86
2024-10-20 21:44:47,519 - INFO - Get data - 87
2024-10-20 21:44:47,519 - INFO - Get data - 88
2024-10-20 21:44:47,519 - INFO - Get data - 89
2024-10-20 21:44:47,519 - INFO - Get data - 90
2024-10-20 21:44:49,947 - INFO - Get data - 91
2024-10-20 21:44:49,972 - INFO - Get data - 92
2024-10-20 21:44:49,997 - INFO - Get data - 93
2024-10-20 21:44:50,022 - INFO - Get data - 94
2024-10-20 21:44:50,048 - INFO - Get data - 95
2024-10-20 21:44:50,072 - INFO - Get data - 96
2024-10-20 21:44:50,100 - INFO - Get data - 97
2024-10-20 21:44:50,125 - INFO - Get data - 98
2024-10-20 21:44:50,156 - INFO - Get data - 99
2024-10-20 21:44:50,182 - INFO - Get data - 100
2024-10-20 21:44:55,345 - INFO - Get data - 101
2024-10-20 21:44:55,369 - INFO - Get data - 102
2024-10-20 21:44:55,403 - INFO - Get data - 103
2024-10-20 21:44:55,428 - INFO - Get data - 104
2024-10-20 21:44:55,454 - INFO - Get data - 105
2024-10-20 21:44:55,479 - INFO - Get data - 106
2024-10-20 21:44:55,510 - INFO - Get data - 107
2024-10-20 21:44:55,537 - INFO - Get data - 108
2024-10-20 21:44:55,562 - INFO - Get data - 109
2024-10-20 21:44:55,588 - INFO - Get data - 110
2024-10-20 21:45:00,743 - INFO - Get data - 111
2024-10-20 21:45:00,768 - INFO - Get data - 112
2024-10-20 21:45:00,794 - INFO - Get data - 113
2024-10-20 21:45:00,820 - INFO - Get data - 114
2024-10-20 21:45:00,845 - INFO - Get data - 115
2024-10-20 21:45:00,870 - INFO - Get data - 116
2024-10-20 21:45:00,898 - INFO - Get data - 117
2024-10-20 21:45:00,925 - INFO - Get data - 118
2024-10-20 21:45:00,950 - INFO - Get data - 119
2024-10-20 21:45:00,976 - INFO - Get data - 120
2024-10-20 21:45:06,157 - INFO - Get data - 121
2024-10-20 21:45:06,184 - INFO - Get data - 122
2024-10-20 21:45:06,209 - INFO - Get data - 123
2024-10-20 21:45:06,235 - INFO - Get data - 124
2024-10-20 21:45:06,260 - INFO - Get data - 125
2024-10-20 21:45:06,286 - INFO - Get data - 126
2024-10-20 21:45:06,312 - INFO - Get data - 127
2024-10-20 21:45:06,337 - INFO - Get data - 128
2024-10-20 21:45:06,362 - INFO - Get data - 129
2024-10-20 21:45:06,389 - INFO - Get data - 130
2024-10-20 21:45:11,613 - INFO - Get data - 131
2024-10-20 21:45:11,639 - INFO - Get data - 132
2024-10-20 21:45:11,666 - INFO - Get data - 133
2024-10-20 21:45:11,692 - INFO - Get data - 134
2024-10-20 21:45:11,718 - INFO - Get data - 135
2024-10-20 21:45:11,744 - INFO - Get data - 136
2024-10-20 21:45:11,769 - INFO - Get data - 137
2024-10-20 21:45:11,797 - INFO - Get data - 138
2024-10-20 21:45:11,821 - INFO - Get data - 139
2024-10-20 21:45:11,846 - INFO - Get data - 140
2024-10-20 21:45:17,047 - INFO - Get data - 141
2024-10-20 21:45:17,072 - INFO - Get data - 142
2024-10-20 21:45:17,097 - INFO - Get data - 143
2024-10-20 21:45:17,122 - INFO - Get data - 144
2024-10-20 21:45:17,147 - INFO - Get data - 145
2024-10-20 21:45:17,173 - INFO - Get data - 146
2024-10-20 21:45:17,198 - INFO - Get data - 147
2024-10-20 21:45:17,226 - INFO - Get data - 148
2024-10-20 21:45:17,251 - INFO - Get data - 149
2024-10-20 21:45:17,276 - INFO - Get data - 150
2024-10-20 21:45:22,562 - INFO - Get data - 151
2024-10-20 21:45:22,588 - INFO - Get data - 152
2024-10-20 21:45:22,612 - INFO - Get data - 153
2024-10-20 21:45:22,637 - INFO - Get data - 154
2024-10-20 21:45:22,662 - INFO - Get data - 155
2024-10-20 21:45:22,689 - INFO - Get data - 156
2024-10-20 21:45:22,715 - INFO - Get data - 157
2024-10-20 21:45:22,740 - INFO - Get data - 158
2024-10-20 21:45:22,765 - INFO - Get data - 159
2024-10-20 21:45:22,790 - INFO - Get data - 160
2024-10-20 21:45:28,007 - INFO - Get data - 161
2024-10-20 21:45:28,034 - INFO - Get data - 162
2024-10-20 21:45:28,062 - INFO - Get data - 163
2024-10-20 21:45:28,089 - INFO - Get data - 164
2024-10-20 21:45:28,118 - INFO - Get data - 165
2024-10-20 21:45:28,147 - INFO - Get data - 166
2024-10-20 21:45:28,176 - INFO - Get data - 167
2024-10-20 21:45:28,209 - INFO - Get data - 168
2024-10-20 21:45:28,244 - INFO - Get data - 169
2024-10-20 21:45:28,275 - INFO - Get data - 170
2024-10-20 21:45:33,459 - INFO - Get data - 171
2024-10-20 21:45:33,483 - INFO - Get data - 172
2024-10-20 21:45:33,507 - INFO - Get data - 173
2024-10-20 21:45:33,531 - INFO - Get data - 174
2024-10-20 21:45:33,557 - INFO - Get data - 175
2024-10-20 21:45:33,582 - INFO - Get data - 176
2024-10-20 21:45:33,606 - INFO - Get data - 177
2024-10-20 21:45:33,632 - INFO - Get data - 178
2024-10-20 21:45:33,657 - INFO - Get data - 179
2024-10-20 21:45:33,681 - INFO - Get data - 180
2024-10-20 21:45:38,849 - INFO - Get data - 181
2024-10-20 21:45:38,876 - INFO - Get data - 182
2024-10-20 21:45:38,902 - INFO - Get data - 183
2024-10-20 21:45:38,928 - INFO - Get data - 184
2024-10-20 21:45:38,953 - INFO - Get data - 185
2024-10-20 21:45:38,977 - INFO - Get data - 186
2024-10-20 21:45:39,002 - INFO - Get data - 187
2024-10-20 21:45:39,028 - INFO - Get data - 188
2024-10-20 21:45:39,052 - INFO - Get data - 189
2024-10-20 21:45:39,077 - INFO - Get data - 190
2024-10-20 21:45:44,312 - INFO - Get data - 191
2024-10-20 21:45:44,338 - INFO - Get data - 192
2024-10-20 21:45:44,363 - INFO - Get data - 193
2024-10-20 21:45:44,395 - INFO - Get data - 194
2024-10-20 21:45:44,424 - INFO - Get data - 195
2024-10-20 21:45:44,451 - INFO - Get data - 196
2024-10-20 21:45:44,480 - INFO - Get data - 197
2024-10-20 21:45:44,508 - INFO - Get data - 198
2024-10-20 21:45:44,538 - INFO - Get data - 199
2024-10-20 21:45:44,566 - INFO - Get data - 200
2024-10-20 21:45:49,745 - INFO - Get data - 201
2024-10-20 21:45:49,771 - INFO - Get data - 202
2024-10-20 21:45:49,795 - INFO - Get data - 203
2024-10-20 21:45:49,820 - INFO - Get data - 204
2024-10-20 21:45:49,845 - INFO - Get data - 205
2024-10-20 21:45:49,870 - INFO - Get data - 206
2024-10-20 21:45:49,901 - INFO - Get data - 207
2024-10-20 21:45:49,927 - INFO - Get data - 208
2024-10-20 21:45:49,951 - INFO - Get data - 209
2024-10-20 21:45:49,975 - INFO - Get data - 210
2024-10-20 21:45:55,158 - INFO - Get data - 211
2024-10-20 21:45:55,183 - INFO - Get data - 212
2024-10-20 21:45:55,208 - INFO - Get data - 213
2024-10-20 21:45:55,234 - INFO - Get data - 214
2024-10-20 21:45:55,258 - INFO - Get data - 215
2024-10-20 21:45:55,293 - INFO - Get data - 216
2024-10-20 21:45:55,318 - INFO - Get data - 217
2024-10-20 21:45:55,344 - INFO - Get data - 218
2024-10-20 21:45:55,369 - INFO - Get data - 219
2024-10-20 21:45:55,393 - INFO - Get data - 220
2024-10-20 21:46:00,571 - INFO - Get data - 221
2024-10-20 21:46:00,597 - INFO - Get data - 222
2024-10-20 21:46:00,624 - INFO - Get data - 223
2024-10-20 21:46:00,650 - INFO - Get data - 224
2024-10-20 21:46:00,677 - INFO - Get data - 225
2024-10-20 21:46:00,705 - INFO - Get data - 226
2024-10-20 21:46:00,731 - INFO - Get data - 227
2024-10-20 21:46:00,757 - INFO - Get data - 228
2024-10-20 21:46:00,783 - INFO - Get data - 229
2024-10-20 21:46:00,809 - INFO - Get data - 230
2024-10-20 21:46:05,993 - INFO - Get data - 231
2024-10-20 21:46:06,020 - INFO - Get data - 232
2024-10-20 21:46:06,044 - INFO - Get data - 233
2024-10-20 21:46:06,069 - INFO - Get data - 234
2024-10-20 21:46:06,093 - INFO - Get data - 235
2024-10-20 21:46:06,117 - INFO - Get data - 236
2024-10-20 21:46:06,141 - INFO - Get data - 237
2024-10-20 21:46:06,165 - INFO - Get data - 238
2024-10-20 21:46:06,189 - INFO - Get data - 239
2024-10-20 21:46:06,213 - INFO - Get data - 240
2024-10-20 21:46:11,447 - INFO - Get data - 241
2024-10-20 21:46:11,472 - INFO - Get data - 242
2024-10-20 21:46:11,497 - INFO - Get data - 243
2024-10-20 21:46:11,521 - INFO - Get data - 244
2024-10-20 21:46:11,545 - INFO - Get data - 245
2024-10-20 21:46:11,569 - INFO - Get data - 246
2024-10-20 21:46:11,594 - INFO - Get data - 247
2024-10-20 21:46:11,621 - INFO - Get data - 248
2024-10-20 21:46:11,646 - INFO - Get data - 249
2024-10-20 21:46:11,670 - INFO - Get data - 250
2024-10-20 21:46:16,843 - INFO - Get data - 251
2024-10-20 21:46:16,870 - INFO - Get data - 252
2024-10-20 21:46:16,896 - INFO - Get data - 253
2024-10-20 21:46:16,922 - INFO - Get data - 254
2024-10-20 21:46:16,948 - INFO - Get data - 255
2024-10-20 21:46:16,974 - INFO - Get data - 256
2024-10-20 21:46:17,002 - INFO - Get data - 257
2024-10-20 21:46:17,030 - INFO - Get data - 258
2024-10-20 21:46:17,056 - INFO - Get data - 259
2024-10-20 21:46:17,082 - INFO - Get data - 260
2024-10-20 21:46:22,293 - INFO - Get data - 261
2024-10-20 21:46:22,319 - INFO - Get data - 262
2024-10-20 21:46:22,344 - INFO - Get data - 263
2024-10-20 21:46:22,370 - INFO - Get data - 264
2024-10-20 21:46:22,394 - INFO - Get data - 265
2024-10-20 21:46:22,418 - INFO - Get data - 266
2024-10-20 21:46:22,444 - INFO - Get data - 267
2024-10-20 21:46:22,469 - INFO - Get data - 268
2024-10-20 21:46:22,495 - INFO - Get data - 269
2024-10-20 21:46:22,521 - INFO - Get data - 270
2024-10-20 21:46:27,724 - INFO - Get data - 271
2024-10-20 21:46:27,748 - INFO - Get data - 272
2024-10-20 21:46:27,774 - INFO - Get data - 273
2024-10-20 21:46:27,802 - INFO - Get data - 274
2024-10-20 21:46:27,828 - INFO - Get data - 275
2024-10-20 21:46:27,853 - INFO - Get data - 276
2024-10-20 21:46:27,883 - INFO - Get data - 277
2024-10-20 21:46:27,908 - INFO - Get data - 278
2024-10-20 21:46:27,932 - INFO - Get data - 279
2024-10-20 21:46:27,957 - INFO - Get data - 280
2024-10-20 21:46:33,132 - INFO - Get data - 281
2024-10-20 21:46:33,158 - INFO - Get data - 282
2024-10-20 21:46:33,186 - INFO - Get data - 283
2024-10-20 21:46:33,213 - INFO - Get data - 284
2024-10-20 21:46:33,239 - INFO - Get data - 285
2024-10-20 21:46:33,266 - INFO - Get data - 286
2024-10-20 21:46:33,293 - INFO - Get data - 287
2024-10-20 21:46:33,319 - INFO - Get data - 288
2024-10-20 21:46:33,344 - INFO - Get data - 289
2024-10-20 21:46:33,371 - INFO - Get data - 290
2024-10-20 21:46:38,578 - INFO - Get data - 291
2024-10-20 21:46:38,602 - INFO - Get data - 292
2024-10-20 21:46:38,627 - INFO - Get data - 293
2024-10-20 21:46:38,658 - INFO - Get data - 294
2024-10-20 21:46:38,684 - INFO - Get data - 295
2024-10-20 21:46:38,709 - INFO - Get data - 296
2024-10-20 21:46:38,734 - INFO - Get data - 297
2024-10-20 21:46:38,759 - INFO - Get data - 298
2024-10-20 21:46:38,785 - INFO - Get data - 299
2024-10-20 21:46:38,808 - INFO - Get data - 300
2024-10-20 21:46:44,000 - INFO - Get data - 301
2024-10-20 21:46:44,025 - INFO - Get data - 302
2024-10-20 21:46:44,050 - INFO - Get data - 303
2024-10-20 21:46:44,077 - INFO - Get data - 304
2024-10-20 21:46:44,101 - INFO - Get data - 305
2024-10-20 21:46:44,126 - INFO - Get data - 306
2024-10-20 21:46:44,150 - INFO - Get data - 307
2024-10-20 21:46:44,175 - INFO - Get data - 308
2024-10-20 21:46:44,199 - INFO - Get data - 309
2024-10-20 21:46:44,232 - INFO - Get data - 310
2024-10-20 21:46:49,421 - INFO - Get data - 311
2024-10-20 21:46:49,447 - INFO - Get data - 312
2024-10-20 21:46:49,474 - INFO - Get data - 313
2024-10-20 21:46:49,499 - INFO - Get data - 314
2024-10-20 21:46:49,525 - INFO - Get data - 315
2024-10-20 21:46:49,551 - INFO - Get data - 316
2024-10-20 21:46:49,577 - INFO - Get data - 317
2024-10-20 21:46:49,603 - INFO - Get data - 318
2024-10-20 21:46:49,629 - INFO - Get data - 319
2024-10-20 21:46:49,655 - INFO - Get data - 320
2024-10-20 21:46:54,987 - INFO - Get data - 321
2024-10-20 21:46:55,014 - INFO - Get data - 322
2024-10-20 21:46:55,039 - INFO - Get data - 323
2024-10-20 21:46:55,063 - INFO - Get data - 324
2024-10-20 21:46:55,089 - INFO - Get data - 325
2024-10-20 21:46:55,121 - INFO - Get data - 326
2024-10-20 21:46:55,148 - INFO - Get data - 327
2024-10-20 21:46:55,172 - INFO - Get data - 328
2024-10-20 21:46:55,196 - INFO - Get data - 329
2024-10-20 21:46:55,221 - INFO - Get data - 330
2024-10-20 21:47:00,393 - INFO - Get data - 331
2024-10-20 21:47:00,421 - INFO - Get data - 332
2024-10-20 21:47:00,447 - INFO - Get data - 333
2024-10-20 21:47:00,473 - INFO - Get data - 334
2024-10-20 21:47:00,497 - INFO - Get data - 335
2024-10-20 21:47:00,521 - INFO - Get data - 336
2024-10-20 21:47:00,545 - INFO - Get data - 337
2024-10-20 21:47:00,569 - INFO - Get data - 338
2024-10-20 21:47:00,594 - INFO - Get data - 339
2024-10-20 21:47:00,618 - INFO - Get data - 340
2024-10-20 21:47:05,925 - INFO - Get data - 341
2024-10-20 21:47:06,047 - INFO - Get data - 342
2024-10-20 21:47:06,085 - INFO - Get data - 343
2024-10-20 21:47:06,111 - INFO - Get data - 344
2024-10-20 21:47:06,136 - INFO - Get data - 345
2024-10-20 21:47:06,162 - INFO - Get data - 346
2024-10-20 21:47:06,187 - INFO - Get data - 347
2024-10-20 21:47:06,211 - INFO - Get data - 348
2024-10-20 21:47:06,237 - INFO - Get data - 349
2024-10-20 21:47:06,262 - INFO - Get data - 350
